ubuntu:oracular-20240527 ----------- error marshalling JSON file: json: unsupported value: NaN 

ubuntu:oracular ----------- error marshalling JSON file: json: unsupported value: NaN 

golang:1.23rc1-alpine3.20 ----------- error marshalling JSON file: json: unsupported value: NaN 

golang:1.23rc1-alpine3.19 ----------- error marshalling JSON file: json: unsupported value: NaN 

golang:1.23rc1-alpine ----------- error marshalling JSON file: json: unsupported value: NaN 

maven:amazoncorretto ----------- error marshalling JSON file: json: unsupported value: NaN 

photon:5.0 ----------- error marshalling JSON file: json: unsupported value: NaN 

hello-seattle:linux ----------- error marshalling JSON file: json: unsupported value: NaN 

clearlinux:base ----------- error marshalling JSON file: json: unsupported value: NaN 

swift:rhel-ubi9 ----------- <nil> 
 NEW ERROR: error parsing sarif file report /root/docker-vulnerability-analyzer/out/official/DockerScout_scan_swift:rhel-ubi9_2024-06-25_22:56:01.json.gz: error unmarshalling JSON file: invalid character '\x1f' looking for beginning of value
alt:sisyphus ----------- error marshalling JSON file: json: unsupported value: NaN 

alt:p10 ----------- error marshalling JSON file: json: unsupported value: NaN 

alt:p9 ----------- error marshalling JSON file: json: unsupported value: NaN 

alt:p8 ----------- error marshalling JSON file: json: unsupported value: NaN 

